<?xml version="1.0" encoding="UTF-8" ?>
<testsuite tests="18" failures="0" name="fundtransfer.test.RunCukesTest" time="3.795" errors="0" skipped="0">
  <properties>
    <property name="java.runtime.name" value="Java(TM) SE Runtime Environment"/>
    <property name="sun.boot.library.path" value="c:\Program Files\Java\jdk1.8.0_25\jre\bin"/>
    <property name="java.vm.version" value="25.25-b02"/>
    <property name="java.vm.vendor" value="Oracle Corporation"/>
    <property name="java.vendor.url" value="http://java.oracle.com/"/>
    <property name="path.separator" value=";"/>
    <property name="guice.disable.misplaced.annotation.check" value="true"/>
    <property name="java.vm.name" value="Java HotSpot(TM) 64-Bit Server VM"/>
    <property name="file.encoding.pkg" value="sun.io"/>
    <property name="user.script" value=""/>
    <property name="user.country" value="RU"/>
    <property name="sun.java.launcher" value="SUN_STANDARD"/>
    <property name="sun.os.patch.level" value="Service Pack 1"/>
    <property name="java.vm.specification.name" value="Java Virtual Machine Specification"/>
    <property name="user.dir" value="k:\testWorkQA\ideaProjects\FundTransfer"/>
    <property name="java.runtime.version" value="1.8.0_25-b18"/>
    <property name="java.awt.graphicsenv" value="sun.awt.Win32GraphicsEnvironment"/>
    <property name="java.endorsed.dirs" value="c:\Program Files\Java\jdk1.8.0_25\jre\lib\endorsed"/>
    <property name="os.arch" value="amd64"/>
    <property name="java.io.tmpdir" value="C:\Users\Tim\AppData\Local\Temp\"/>
    <property name="line.separator" value="
"/>
    <property name="java.vm.specification.vendor" value="Oracle Corporation"/>
    <property name="user.variant" value=""/>
    <property name="os.name" value="Windows 7"/>
    <property name="classworlds.conf" value="c:/tools/apache-maven-3.2.2/bin/m2.conf"/>
    <property name="sun.jnu.encoding" value="Cp1251"/>
    <property name="java.library.path" value="c:\Program Files\Java\jdk1.8.0_25\bin;C:\Windows\Sun\Java\bin;C:\Windows\system32;C:\Windows;c:\Users\Tim\bin;.;C:\Program Files (x86)\Git\local\bin;C:\Program Files (x86)\Git\mingw\bin;C:\Program Files (x86)\Git\bin;c:\ProgramData\Oracle\Java\javapath;c:\oracledb\oracleprogramm\oracleprogramm\bin;c:\tools\apache-maven-3.2.2\bin;c:\Program Files\Java\jdk1.8.0_20\bin;c:\Program Files\MySQL\MySQL Server 5.6\bin;c:\Program Files (x86)\NVIDIA Corporation\PhysX\Common;c:\Windows\system32;c:\Windows;c:\Windows\System32\Wbem;c:\Windows\System32\WindowsPowerShell\v1.0\;d\ProgramFiles\SQL\110\Tools\Binn\;d\ProgramFiles\SQL\110\Tools\Binn\ManagementStudio\;d\ProgramFiles\SQL\110\DTS\Binn\;c:\Program Files\Microsoft SQL Server\110\DTS\Binn\;c:\Program Files (x86)\Microsoft SQL Server\110\Tools\Binn\;c:\Program Files\Microsoft SQL Server\110\Tools\Binn\;c:\Program Files (x86)\Microsoft SQL Server\110\Tools\Binn\ManagementStudio\;c:\Program Files (x86)\Microsoft Visual Studio 10.0\Common7\IDE\PrivateAssemblies\;c:\Program Files (x86)\Microsoft SQL Server\110\DTS\Binn\;c:\Program Files (x86)\MySQL\MySQL Utilities 1.3.5;c:\tools;c:\Program Files\TortoiseSVN\bin;c:\Program Files (x86)\Subversion\bin;c:\svn\bin;c:\tools\cloudbees-sdk-1.5.2\;c:\Program Files\TortoiseGit\bin;c:\tools\libs\derby\db-derby-10.8.3.0-bin\bin;c:\tools\apache-maven-3.2.1\bin;."/>
    <property name="java.specification.name" value="Java Platform API Specification"/>
    <property name="java.class.version" value="52.0"/>
    <property name="sun.management.compiler" value="HotSpot 64-Bit Tiered Compilers"/>
    <property name="os.version" value="6.1"/>
    <property name="user.home" value="C:\Users\Tim"/>
    <property name="user.timezone" value="Europe/Helsinki"/>
    <property name="java.awt.printerjob" value="sun.awt.windows.WPrinterJob"/>
    <property name="java.specification.version" value="1.8"/>
    <property name="file.encoding" value="Cp1251"/>
    <property name="user.name" value="Tim"/>
    <property name="java.class.path" value="c:/tools/apache-maven-3.2.2/boot/plexus-classworlds-2.5.1.jar"/>
    <property name="org.slf4j.simpleLogger.defaultLogLevel" value="info"/>
    <property name="java.vm.specification.version" value="1.8"/>
    <property name="sun.arch.data.model" value="64"/>
    <property name="java.home" value="c:\Program Files\Java\jdk1.8.0_25\jre"/>
    <property name="sun.java.command" value="org.codehaus.plexus.classworlds.launcher.Launcher install"/>
    <property name="java.specification.vendor" value="Oracle Corporation"/>
    <property name="user.language" value="ru"/>
    <property name="awt.toolkit" value="sun.awt.windows.WToolkit"/>
    <property name="java.vm.info" value="mixed mode"/>
    <property name="java.version" value="1.8.0_25"/>
    <property name="java.ext.dirs" value="c:\Program Files\Java\jdk1.8.0_25\jre\lib\ext;C:\Windows\Sun\Java\lib\ext"/>
    <property name="sun.boot.class.path" value="c:\Program Files\Java\jdk1.8.0_25\jre\lib\resources.jar;c:\Program Files\Java\jdk1.8.0_25\jre\lib\rt.jar;c:\Program Files\Java\jdk1.8.0_25\jre\lib\sunrsasign.jar;c:\Program Files\Java\jdk1.8.0_25\jre\lib\jsse.jar;c:\Program Files\Java\jdk1.8.0_25\jre\lib\jce.jar;c:\Program Files\Java\jdk1.8.0_25\jre\lib\charsets.jar;c:\Program Files\Java\jdk1.8.0_25\jre\lib\jfr.jar;c:\Program Files\Java\jdk1.8.0_25\jre\classes"/>
    <property name="sun.stderr.encoding" value="cp866"/>
    <property name="java.vendor" value="Oracle Corporation"/>
    <property name="maven.home" value="c:\tools\apache-maven-3.2.2"/>
    <property name="file.separator" value="\"/>
    <property name="java.vendor.url.bug" value="http://bugreport.sun.com/bugreport/"/>
    <property name="sun.cpu.endian" value="little"/>
    <property name="sun.io.unicode.encoding" value="UnicodeLittle"/>
    <property name="sun.stdout.encoding" value="cp866"/>
    <property name="sun.desktop" value="windows"/>
    <property name="sun.cpu.isalist" value="amd64"/>
  </properties>
  <testcase classname="Given the user is on Fund Transfer Page   " name="Given the user is on Fund Transfer Page   " time="0.007"/>
  <testcase classname="When he enters &quot;Jim&quot; as payee name    " name="When he enters &quot;Jim&quot; as payee name    " time="0"/>
  <testcase classname="And he enters &quot;100&quot; as amount     " name="And he enters &quot;100&quot; as amount     " time="0"/>
  <testcase classname="And he Submits request for Fund Transfer      " name="And he Submits request for Fund Transfer      " time="0"/>
  <testcase classname="Then ensure the fund transfer is complete with &quot;$100 transferred successfully to Jim!!&quot; message       " name="Then ensure the fund transfer is complete with &quot;$100 transferred successfully to Jim!!&quot; message       " time="0"/>
  <testcase classname="Scenario: Valid Payee  " name="Scenario: Valid Payee  " time="1.364"/>
  <testcase classname="Given the user is on Fund Transfer Page         " name="Given the user is on Fund Transfer Page         " time="0"/>
  <testcase classname="When he enters &quot;Jack&quot; as payee name          " name="When he enters &quot;Jack&quot; as payee name          " time="0"/>
  <testcase classname="And he enters &quot;100&quot; as amount           " name="And he enters &quot;100&quot; as amount           " time="0"/>
  <testcase classname="And he Submits request for Fund Transfer            " name="And he Submits request for Fund Transfer            " time="0"/>
  <testcase classname="Then ensure a transaction failure message &quot;Transfer failed!! &apos;Jack&apos; is not registered in your List of Payees&quot; is displayed             " name="Then ensure a transaction failure message &quot;Transfer failed!! &apos;Jack&apos; is not registered in your List of Payees&quot; is displayed             " time="0"/>
  <testcase classname="Scenario: Invalid Payee        " name="Scenario: Invalid Payee        " time="1.205"/>
  <testcase classname="Given the user is on Fund Transfer Page               " name="Given the user is on Fund Transfer Page               " time="0"/>
  <testcase classname="When he enters &quot;Tim&quot; as payee name                " name="When he enters &quot;Tim&quot; as payee name                " time="0"/>
  <testcase classname="And he enters &quot;1000000&quot; as amount                 " name="And he enters &quot;1000000&quot; as amount                 " time="0"/>
  <testcase classname="And he Submits request for Fund Transfer                  " name="And he Submits request for Fund Transfer                  " time="0"/>
  <testcase classname="Then ensure a transaction failure message &quot;Transfer failed!! account cannot be overdrawn&quot; is displayed                   " name="Then ensure a transaction failure message &quot;Transfer failed!! account cannot be overdrawn&quot; is displayed                   " time="0"/>
  <testcase classname="Scenario: Account is overdrawn past the overdraft limit              " name="Scenario: Account is overdrawn past the overdraft limit              " time="1.219"/>
</testsuite>